<?xml version="1.0" encoding="UTF-8"?>
<coverage generated="1518796744220" clover="3.2.0">
  <project timestamp="1518796744220" name="All files">
    <metrics statements="16" coveredstatements="15" conditionals="7" coveredconditionals="4" methods="3" coveredmethods="2" elements="26" coveredelements="21" complexity="0" loc="16" ncloc="16" packages="2" files="3" classes="3">
      <package name="models.rocket">
        <metrics statements="12" coveredstatements="11" conditionals="5" coveredconditionals="3" methods="2" coveredmethods="2"/>
        <file name="rocket.js" path="/Git/svipatov/spacex-tracker/src/models/rocket/rocket.js">
          <metrics statements="12" coveredstatements="11" conditionals="5" coveredconditionals="3" methods="2" coveredmethods="2"/>
          <line num="3" count="2" type="stmt"/>
          <line num="9" count="3" type="stmt"/>
          <line num="10" count="2" type="cond" truecount="1" falsecount="1"/>
          <line num="11" count="2" type="stmt"/>
          <line num="14" count="3" type="cond" truecount="1" falsecount="0"/>
          <line num="16" count="3" type="stmt"/>
          <line num="23" count="2" type="stmt"/>
          <line num="24" count="2" type="stmt"/>
          <line num="25" count="2" type="stmt"/>
          <line num="26" count="1" type="cond" truecount="1" falsecount="1"/>
          <line num="27" count="1" type="stmt"/>
          <line num="29" count="0" type="stmt"/>
        </file>
      </package>
      <package name="store.launches">
        <metrics statements="4" coveredstatements="4" conditionals="2" coveredconditionals="1" methods="1" coveredmethods="0"/>
        <file name="constants.js" path="/Git/svipatov/spacex-tracker/src/store/launches/constants.js">
          <metrics statements="2" coveredstatements="2" conditionals="0" coveredconditionals="0" methods="0" coveredmethods="0"/>
          <line num="1" count="1" type="stmt"/>
          <line num="5" count="1" type="stmt"/>
        </file>
        <file name="mutations.js" path="/Git/svipatov/spacex-tracker/src/store/launches/mutations.js">
          <metrics statements="2" coveredstatements="2" conditionals="2" coveredconditionals="1" methods="1" coveredmethods="0"/>
          <line num="5" count="2" type="cond" truecount="1" falsecount="1"/>
          <line num="6" count="2" type="stmt"/>
        </file>
      </package>
    </metrics>
  </project>
</coverage>
