{"/Git/svipatov/spacex-tracker/src/models/rocket/rocket.js": {"path":"/Git/svipatov/spacex-tracker/src/models/rocket/rocket.js","statementMap":{"0":{"start":{"line":3,"column":15},"end":{"line":7,"column":2}},"1":{"start":{"line":9,"column":21},"end":{"line":21,"column":1}},"2":{"start":{"line":10,"column":2},"end":{"line":12,"column":3}},"3":{"start":{"line":11,"column":4},"end":{"line":11,"column":13}},"4":{"start":{"line":14,"column":44},"end":{"line":14,"column":50}},"5":{"start":{"line":16,"column":2},"end":{"line":20,"column":3}},"6":{"start":{"line":23,"column":32},"end":{"line":30,"column":1}},"7":{"start":{"line":24,"column":25},"end":{"line":24,"column":45}},"8":{"start":{"line":25,"column":18},"end":{"line":25,"column":61}},"9":{"start":{"line":26,"column":2},"end":{"line":28,"column":3}},"10":{"start":{"line":27,"column":4},"end":{"line":27,"column":25}},"11":{"start":{"line":29,"column":2},"end":{"line":29,"column":14}}},"fnMap":{"0":{"name":"(anonymous_0)","decl":{"start":{"line":9,"column":21},"end":{"line":9,"column":22}},"loc":{"start":{"line":9,"column":31},"end":{"line":21,"column":1}},"line":9},"1":{"name":"(anonymous_1)","decl":{"start":{"line":23,"column":32},"end":{"line":23,"column":33}},"loc":{"start":{"line":23,"column":42},"end":{"line":30,"column":1}},"line":23}},"branchMap":{"0":{"loc":{"start":{"line":10,"column":2},"end":{"line":12,"column":3}},"type":"if","locations":[{"start":{"line":10,"column":2},"end":{"line":12,"column":3}},{"start":{"line":10,"column":2},"end":{"line":12,"column":3}}],"line":10},"1":{"loc":{"start":{"line":14,"column":23},"end":{"line":14,"column":39}},"type":"default-arg","locations":[{"start":{"line":14,"column":30},"end":{"line":14,"column":39}}],"line":14},"2":{"loc":{"start":{"line":26,"column":2},"end":{"line":28,"column":3}},"type":"if","locations":[{"start":{"line":26,"column":2},"end":{"line":28,"column":3}},{"start":{"line":26,"column":2},"end":{"line":28,"column":3}}],"line":26}},"s":{"0":2,"1":3,"2":2,"3":2,"4":3,"5":3,"6":2,"7":2,"8":2,"9":1,"10":1,"11":0},"f":{"0":4,"1":4},"b":{"0":[0,4],"1":[4],"2":[2,0]},"_coverageSchema":"332fd63041d2c1bcb487cc26dd0d5f7d97098a6c","hash":"03cec9824fef3e59a99bb949e8c7b55f09c4add5"}
,"/Git/svipatov/spacex-tracker/src/store/launches/constants.js": {"path":"/Git/svipatov/spacex-tracker/src/store/launches/constants.js","statementMap":{"0":{"start":{"line":1,"column":25},"end":{"line":3,"column":1}},"1":{"start":{"line":5,"column":23},"end":{"line":9,"column":1}}},"fnMap":{},"branchMap":{},"s":{"0":1,"1":1},"f":{},"b":{},"_coverageSchema":"332fd63041d2c1bcb487cc26dd0d5f7d97098a6c","hash":"96fb202850b555f22a864a6bcfd5c9ac6acbede9"}
,"/Git/svipatov/spacex-tracker/src/store/launches/mutations.js": {"path":"/Git/svipatov/spacex-tracker/src/store/launches/mutations.js","statementMap":{"0":{"start":{"line":5,"column":4},"end":{"line":7,"column":5}},"1":{"start":{"line":5,"column":34},"end":{"line":5,"column":52}},"2":{"start":{"line":6,"column":6},"end":{"line":6,"column":33}}},"fnMap":{"0":{"name":"(anonymous_0)","decl":{"start":{"line":5,"column":29},"end":{"line":5,"column":30}},"loc":{"start":{"line":5,"column":34},"end":{"line":5,"column":52}},"line":5}},"branchMap":{"0":{"loc":{"start":{"line":5,"column":4},"end":{"line":7,"column":5}},"type":"if","locations":[{"start":{"line":5,"column":4},"end":{"line":7,"column":5}},{"start":{"line":5,"column":4},"end":{"line":7,"column":5}}],"line":5}},"s":{"0":2,"1":0,"2":2},"f":{"0":0},"b":{"0":[2,0]},"_coverageSchema":"332fd63041d2c1bcb487cc26dd0d5f7d97098a6c","hash":"a6f165c22eda1e9ecbc796f3167ffd70c93c9ffc"}
}
