TN:
SF:/Git/svipatov/spacex-tracker/src/models/rocket/rocket.js
FN:9,(anonymous_0)
FN:23,(anonymous_1)
FNF:2
FNH:2
FNDA:4,(anonymous_0)
FNDA:4,(anonymous_1)
DA:3,2
DA:9,3
DA:10,2
DA:11,2
DA:14,3
DA:16,3
DA:23,2
DA:24,2
DA:25,2
DA:26,1
DA:27,1
DA:29,0
LF:12
LH:11
BRDA:10,0,0,0
BRDA:10,0,1,4
BRDA:14,1,0,4
BRDA:26,2,0,2
BRDA:26,2,1,0
BRF:5
BRH:3
end_of_record
TN:
SF:/Git/svipatov/spacex-tracker/src/store/launches/constants.js
FNF:0
FNH:0
DA:1,1
DA:5,1
LF:2
LH:2
BRF:0
BRH:0
end_of_record
TN:
SF:/Git/svipatov/spacex-tracker/src/store/launches/mutations.js
FN:5,(anonymous_0)
FNF:1
FNH:0
FNDA:0,(anonymous_0)
DA:5,2
DA:6,2
LF:2
LH:2
BRDA:5,0,0,2
BRDA:5,0,1,0
BRF:2
BRH:1
end_of_record
